2025-01-16 22:39:18.823 [main] INFO - Loading server properties...
2025-01-16 22:39:19.059 [main] INFO - -- Nukkit MOT --
2025-01-16 22:39:25.657 [main] INFO - Loaded 0 resource packs
2025-01-16 22:39:25.725 [main] INFO - Opening server on 0.0.0.0:19132
2025-01-16 22:39:26.410 [main] INFO - Enabling Nukkit-MOT vgit-0b64bd0
2025-01-16 22:39:26.416 [main] INFO - Loading CustomEnchant v1.0.0
2025-01-16 22:39:26.469 [main] INFO - [CustomEnchant] Successfully registered all enchantments!
2025-01-16 22:39:27.503 [main] INFO - native LevelDB provider: false
2025-01-16 22:39:27.611 [main] INFO - Preparing level "world"
2025-01-16 22:39:29.193 [main] INFO - Preparing level "nether"
2025-01-16 22:39:29.246 [main] INFO - Preparing level "the_end"
2025-01-16 22:39:29.261 [main] INFO - Enabling CustomEnchant v1.0.0
2025-01-16 22:39:29.272 [main] INFO - [CustomEnchant] Enabled Custom Enchantments!
2025-01-16 22:39:29.327 [main] INFO - Done (10.524s)! For help, type "help"
2025-01-16 22:39:38.341 [main] INFO - yamgooo[/127.0.0.1:63390] [Protocol Version: 766 (1.21.50)] logged in
2025-01-16 22:39:44.031 [main] INFO - yamgooo joined the game
2025-01-16 22:39:52.973 [main] INFO - [yamgooo: Enchanting succeeded]
2025-01-16 22:39:55.580 [main] INFO - [yamgooo: Enchanting succeeded]
2025-01-16 22:40:02.381 [main] INFO - [yamgooo: Enchanting succeeded]
2025-01-16 22:40:05.182 [main] INFO - [yamgooo: Enchanting succeeded]
2025-01-16 22:40:11.382 [main] INFO - [yamgooo: Set own game mode to Creative]
2025-01-16 22:40:19.836 [main] INFO - [yamgooo: Enchanting succeeded]
